$./fy3g_mwri_fwd_cloudy_swath.exe 20230627
 working directory :/data04/1/hjh/rttov.mlse.algor/2.cloud.forward/case.simu.scatt/
 ├──Start proc. - /data04/0/MWRI/FY3G_IOT/ASCEND/20230627/FY3G_MWRI-_ORBA_L1_20230627_0048_7000M_V0.HDF
 │	├── FY3G vars read done!  
 │	├── ERA5 vars read done!  
 │	├── Start RTTOV simulations
 2023/08/23  19:40:34  Open scattering coefficient file /home/hjh/rttov13/rtcoef_rttov13/hydrotable/hydrotable_fy3_mwri.dat
 2023/08/23  19:40:40  Reading number of data in atlas...
 2023/08/23  19:40:40  Nb data=    232243
 2023/08/23  19:40:42  reading classes...
 │	└── Write down: output/RTTOV_TELSEM_CLOUDY_SIMU_Swath_FY3G_MWRI-_ORBA_L1_20230627_0048_7000M_V0.HDF
 ├──Start proc. - /data04/0/MWRI/FY3G_IOT/ASCEND/20230627/FY3G_MWRI-_ORBA_L1_20230627_0221_7000M_V0.HDF
 │	├── FY3G vars read done!  
 │	├── ERA5 vars read done!  
 │	├── Start RTTOV simulations
 2023/08/23  19:47:39  Open scattering coefficient file /home/hjh/rttov13/rtcoef_rttov13/hydrotable/hydrotable_fy3_mwri.dat
 2023/08/23  19:47:43  Reading number of data in atlas...
 2023/08/23  19:47:43  Nb data=    232243
 2023/08/23  19:47:44  reading classes...
 │	└── Write down: output/RTTOV_TELSEM_CLOUDY_SIMU_Swath_FY3G_MWRI-_ORBA_L1_20230627_0221_7000M_V0.HDF
 ├──Start proc. - /data04/0/MWRI/FY3G_IOT/ASCEND/20230627/FY3G_MWRI-_ORBA_L1_20230627_0354_7000M_V0.HDF
 │	├── FY3G vars read done!  
 │	├── ERA5 vars read done!  
 │	├── Start RTTOV simulations
 2023/08/23  19:52:35  Open scattering coefficient file /home/hjh/rttov13/rtcoef_rttov13/hydrotable/hydrotable_fy3_mwri.dat
 2023/08/23  19:52:41  Reading number of data in atlas...
 2023/08/23  19:52:41  Nb data=    232243
 2023/08/23  19:52:43  reading classes...
 │	└── Write down: output/RTTOV_TELSEM_CLOUDY_SIMU_Swath_FY3G_MWRI-_ORBA_L1_20230627_0354_7000M_V0.HDF
 ├──Start proc. - /data04/0/MWRI/FY3G_IOT/ASCEND/20230627/FY3G_MWRI-_ORBA_L1_20230627_0526_7000M_V0.HDF
 │	├── FY3G vars read done!  
 │	├── ERA5 vars read done!  
 │	├── Start RTTOV simulations
 2023/08/23  19:57:11  Open scattering coefficient file /home/hjh/rttov13/rtcoef_rttov13/hydrotable/hydrotable_fy3_mwri.dat
 2023/08/23  19:57:16  Reading number of data in atlas...
 2023/08/23  19:57:16  Nb data=    232243
 2023/08/23  19:57:17  reading classes...
 │	└── Write down: output/RTTOV_TELSEM_CLOUDY_SIMU_Swath_FY3G_MWRI-_ORBA_L1_20230627_0526_7000M_V0.HDF
 ├──Start proc. - /data04/0/MWRI/FY3G_IOT/ASCEND/20230627/FY3G_MWRI-_ORBA_L1_20230627_0659_7000M_V0.HDF
 │	├── FY3G vars read done!  
 │	├── ERA5 vars read done!  
 │	├── Start RTTOV simulations
 2023/08/23  20:01:33  Open scattering coefficient file /home/hjh/rttov13/rtcoef_rttov13/hydrotable/hydrotable_fy3_mwri.dat
 2023/08/23  20:01:38  Reading number of data in atlas...
 2023/08/23  20:01:38  Nb data=    232243
 2023/08/23  20:01:39  reading classes...
 │	└── Write down: output/RTTOV_TELSEM_CLOUDY_SIMU_Swath_FY3G_MWRI-_ORBA_L1_20230627_0659_7000M_V0.HDF
 ├──Start proc. - /data04/0/MWRI/FY3G_IOT/ASCEND/20230627/FY3G_MWRI-_ORBA_L1_20230627_0831_7000M_V0.HDF
 │	├── FY3G vars read done!  
 │	├── ERA5 vars read done!  
 │	├── Start RTTOV simulations
 2023/08/23  20:05:37  Open scattering coefficient file /home/hjh/rttov13/rtcoef_rttov13/hydrotable/hydrotable_fy3_mwri.dat
 2023/08/23  20:05:42  Reading number of data in atlas...
 2023/08/23  20:05:42  Nb data=    232243
 2023/08/23  20:05:43  reading classes...
 │	└── Write down: output/RTTOV_TELSEM_CLOUDY_SIMU_Swath_FY3G_MWRI-_ORBA_L1_20230627_0831_7000M_V0.HDF
 ├──Start proc. - /data04/0/MWRI/FY3G_IOT/ASCEND/20230627/FY3G_MWRI-_ORBA_L1_20230627_1004_7000M_V0.HDF
 │	├── FY3G vars read done!  
 │	├── ERA5 vars read done!  
 │	├── Start RTTOV simulations
 2023/08/23  20:09:54  Open scattering coefficient file /home/hjh/rttov13/rtcoef_rttov13/hydrotable/hydrotable_fy3_mwri.dat
 2023/08/23  20:09:57  Reading number of data in atlas...
 2023/08/23  20:09:57  Nb data=    232243
 2023/08/23  20:09:59  reading classes...
 │	└── Write down: output/RTTOV_TELSEM_CLOUDY_SIMU_Swath_FY3G_MWRI-_ORBA_L1_20230627_1004_7000M_V0.HDF
 ├──Start proc. - /data04/0/MWRI/FY3G_IOT/ASCEND/20230627/FY3G_MWRI-_ORBA_L1_20230627_1137_7000M_V0.HDF
 │	├── FY3G vars read done!  
 │	├── ERA5 vars read done!  
 │	├── Start RTTOV simulations
 2023/08/23  20:14:28  Open scattering coefficient file /home/hjh/rttov13/rtcoef_rttov13/hydrotable/hydrotable_fy3_mwri.dat
 2023/08/23  20:14:34  Reading number of data in atlas...
 2023/08/23  20:14:34  Nb data=    232243
 2023/08/23  20:14:36  reading classes...
 │	└── Write down: output/RTTOV_TELSEM_CLOUDY_SIMU_Swath_FY3G_MWRI-_ORBA_L1_20230627_1137_7000M_V0.HDF
 ├──Start proc. - /data04/0/MWRI/FY3G_IOT/ASCEND/20230627/FY3G_MWRI-_ORBA_L1_20230627_1309_7000M_V0.HDF
 │	├── FY3G vars read done!  
 │	├── ERA5 vars read done!  
 │	├── Start RTTOV simulations
 2023/08/23  20:18:38  Open scattering coefficient file /home/hjh/rttov13/rtcoef_rttov13/hydrotable/hydrotable_fy3_mwri.dat
 2023/08/23  20:18:42  Reading number of data in atlas...
 2023/08/23  20:18:42  Nb data=    232243
 2023/08/23  20:18:44  reading classes...
 │	└── Write down: output/RTTOV_TELSEM_CLOUDY_SIMU_Swath_FY3G_MWRI-_ORBA_L1_20230627_1309_7000M_V0.HDF
 ├──Start proc. - /data04/0/MWRI/FY3G_IOT/ASCEND/20230627/FY3G_MWRI-_ORBA_L1_20230627_1442_7000M_V0.HDF
 │	├── FY3G vars read done!  
 │	├── ERA5 vars read done!  
 │	├── Start RTTOV simulations
 2023/08/23  20:22:45  Open scattering coefficient file /home/hjh/rttov13/rtcoef_rttov13/hydrotable/hydrotable_fy3_mwri.dat
 2023/08/23  20:22:51  Reading number of data in atlas...
 2023/08/23  20:22:51  Nb data=    232243
 2023/08/23  20:22:53  reading classes...
 │	└── Write down: output/RTTOV_TELSEM_CLOUDY_SIMU_Swath_FY3G_MWRI-_ORBA_L1_20230627_1442_7000M_V0.HDF
 ├──Start proc. - /data04/0/MWRI/FY3G_IOT/ASCEND/20230627/FY3G_MWRI-_ORBA_L1_20230627_1614_7000M_V0.HDF
 │	├── FY3G vars read done!  
 │	├── ERA5 vars read done!  
 │	├── Start RTTOV simulations
 2023/08/23  20:26:47  Open scattering coefficient file /home/hjh/rttov13/rtcoef_rttov13/hydrotable/hydrotable_fy3_mwri.dat
 2023/08/23  20:26:55  Reading number of data in atlas...
 2023/08/23  20:26:55  Nb data=    232243
 2023/08/23  20:26:56  reading classes...
 │	└── Write down: output/RTTOV_TELSEM_CLOUDY_SIMU_Swath_FY3G_MWRI-_ORBA_L1_20230627_1614_7000M_V0.HDF
 ├──Start proc. - /data04/0/MWRI/FY3G_IOT/ASCEND/20230627/FY3G_MWRI-_ORBA_L1_20230627_1747_7000M_V0.HDF
 │	├── FY3G vars read done!  
 │	├── ERA5 vars read done!  
 │	├── Start RTTOV simulations
 2023/08/23  20:30:40  Open scattering coefficient file /home/hjh/rttov13/rtcoef_rttov13/hydrotable/hydrotable_fy3_mwri.dat
 2023/08/23  20:30:44  Reading number of data in atlas...
 2023/08/23  20:30:44  Nb data=    232243
 2023/08/23  20:30:46  reading classes...
 │	└── Write down: output/RTTOV_TELSEM_CLOUDY_SIMU_Swath_FY3G_MWRI-_ORBA_L1_20230627_1747_7000M_V0.HDF
 ├──Start proc. - /data04/0/MWRI/FY3G_IOT/ASCEND/20230627/FY3G_MWRI-_ORBA_L1_20230627_1919_7000M_V0.HDF
 │	├── FY3G vars read done!  
 │	├── ERA5 vars read done!  
 │	├── Start RTTOV simulations
 2023/08/23  20:34:32  Open scattering coefficient file /home/hjh/rttov13/rtcoef_rttov13/hydrotable/hydrotable_fy3_mwri.dat
 2023/08/23  20:34:36  Reading number of data in atlas...
 2023/08/23  20:34:36  Nb data=    232243
 2023/08/23  20:34:37  reading classes...
 │	└── Write down: output/RTTOV_TELSEM_CLOUDY_SIMU_Swath_FY3G_MWRI-_ORBA_L1_20230627_1919_7000M_V0.HDF
 ├──Start proc. - /data04/0/MWRI/FY3G_IOT/ASCEND/20230627/FY3G_MWRI-_ORBA_L1_20230627_2052_7000M_V0.HDF
 │	├── FY3G vars read done!  
 │	├── ERA5 vars read done!  
 │	├── Start RTTOV simulations
 2023/08/23  20:38:22  Open scattering coefficient file /home/hjh/rttov13/rtcoef_rttov13/hydrotable/hydrotable_fy3_mwri.dat
 2023/08/23  20:38:27  Reading number of data in atlas...
 2023/08/23  20:38:27  Nb data=    232243
 2023/08/23  20:38:28  reading classes...
 │	└── Write down: output/RTTOV_TELSEM_CLOUDY_SIMU_Swath_FY3G_MWRI-_ORBA_L1_20230627_2052_7000M_V0.HDF
 ├──Start proc. - /data04/0/MWRI/FY3G_IOT/ASCEND/20230627/FY3G_MWRI-_ORBA_L1_20230627_2225_7000M_V0.HDF
 │	├── FY3G vars read done!  
 │	├── ERA5 vars read done!  
 │	├── Start RTTOV simulations
 2023/08/23  20:42:27  Open scattering coefficient file /home/hjh/rttov13/rtcoef_rttov13/hydrotable/hydrotable_fy3_mwri.dat
 2023/08/23  20:42:31  Reading number of data in atlas...
 2023/08/23  20:42:31  Nb data=    232243
 2023/08/23  20:42:32  reading classes...
 │	└── Write down: output/RTTOV_TELSEM_CLOUDY_SIMU_Swath_FY3G_MWRI-_ORBA_L1_20230627_2225_7000M_V0.HDF
 ├──Start proc. - /data04/0/MWRI/FY3G_IOT/ASCEND/20230627/FY3G_MWRI-_ORBA_L1_20230627_2357_7000M_V0.HDF
 │	├── FY3G vars read done!  
 │	├── ERA5 vars read done!  
 │	├── Start RTTOV simulations
 2023/08/23  20:46:26  Open scattering coefficient file /home/hjh/rttov13/rtcoef_rttov13/hydrotable/hydrotable_fy3_mwri.dat
 2023/08/23  20:46:29  Reading number of data in atlas...
 2023/08/23  20:46:29  Nb data=    232243
 2023/08/23  20:46:31  reading classes...
 │	└── Write down: output/RTTOV_TELSEM_CLOUDY_SIMU_Swath_FY3G_MWRI-_ORBA_L1_20230627_2357_7000M_V0.HDF
 └── 20230627: process done
